"../../../Engine/Content/Animation/DefaultAnimCurveCompressionSettings.uasset" 0
"../../../Engine/Content/Functions/Engine_MaterialFunctions01/Opacity/CameraDepthFade.uasset" 1
"../../../Engine/Content/EngineMaterials/T_Default_Material_Grid_M.uasset" 2
"../../../Engine/Content/EngineMaterials/T_Default_Material_Grid_N.uasset" 3
"../../../Engine/Content/EngineMaterials/WorldGridMaterial.uasset" 4
"../../../Engine/Content/ArtTools/RenderToTexture/Meshes/S_1_Unit_Plane.uasset" 5
"../../../Engine/Content/EngineMaterials/DefaultMaterial.uasset" 6
"../../../Engine/Content/BasicShapes/Cone.uasset" 7
"../../../Engine/Content/BasicShapes/Cube.uasset" 8
"../../../Engine/Content/BasicShapes/Cylinder.uasset" 9
"../../../Engine/Content/BasicShapes/Plane.uasset" 10
"../../../Engine/Content/BasicShapes/Sphere.uasset" 11
"../../../Engine/Content/EditorLandscapeResources/DataLayer.uasset" 12
"../../../Engine/Content/EditorMaterials/MAT_Groups_Toggle.uasset" 13
"../../../Engine/Content/EditorMaterials/MAT_Groups_Visibility.uasset" 14
"../../../Engine/Content/EditorMaterials/PreviewShadowIndicator.uasset" 15
"../../../Engine/Content/EditorMaterials/PreviewShadowIndicatorMaterial.uasset" 16
"../../../Engine/Content/EditorMaterials/MatineeGroups/MAT_ColorTrack.uasset" 17
"../../../Engine/Content/EditorMaterials/MatineeGroups/MAT_Groups_Anim.uasset" 18
"../../../Engine/Content/EditorMaterials/MatineeGroups/MAT_Groups_AudioMaster.uasset" 19
"../../../Engine/Content/EditorMaterials/MatineeGroups/MAT_Groups_Director.uasset" 20
"../../../Engine/Content/EditorMaterials/MatineeGroups/MAT_Groups_Event.uasset" 21
"../../../Engine/Content/EditorMaterials/MatineeGroups/MAT_Groups_Fade.uasset" 22
"../../../Engine/Content/EditorMaterials/MatineeGroups/MAT_Groups_Float.uasset" 23
"../../../Engine/Content/EditorMaterials/MatineeGroups/MAT_Groups_Move.uasset" 24
"../../../Engine/Content/EditorMaterials/MatineeGroups/MAT_Groups_Slomo.uasset" 25
"../../../Engine/Content/EditorMaterials/MatineeGroups/MAT_Groups_Sound.uasset" 26
"../../../Engine/Content/EditorMaterials/MatineeGroups/MAT_Groups_Vector.uasset" 27
"../../../Engine/Content/EditorMaterials/ParticleSystems/PSysThumbnail_NoImage.uasset" 28
"../../../Engine/Content/EditorMaterials/ParticleSystems/PSysThumbnail_OOD.uasset" 29
"../../../Engine/Content/EditorMaterials/Camera/CineMat.uasset" 30
"../../../Engine/Content/EditorMaterials/Camera/MI_CineMat_Rig.uasset" 31
"../../../Engine/Content/EditorMeshes/Camera/SM_CraneRig_Arm.uasset" 32
"../../../Engine/Content/EditorMeshes/Camera/SM_CraneRig_Base.uasset" 33
"../../../Engine/Content/EditorMeshes/Camera/SM_CraneRig_Body.uasset" 34
"../../../Engine/Content/EditorMeshes/Camera/SM_CraneRig_Mount.uasset" 35
"../../../Engine/Content/EditorMeshes/Camera/SM_RailRig_Mount.uasset" 36
"../../../Engine/Content/EditorMeshes/Camera/SM_RailRig_Track.uasset" 37
"../../../Engine/Content/EditorResources/BSPVertex.uasset" 38
"../../../Engine/Content/EditorResources/EmptyActor.uasset" 39
"../../../Engine/Content/EditorResources/S_Actor.uasset" 40
"../../../Engine/Content/EditorResources/S_Note.uasset" 41
"../../../Engine/Content/EditorResources/S_Solver.uasset" 42
"../../../Engine/Content/EditorResources/S_Trigger.uasset" 43
"../../../Engine/Content/EditorResources/LightIcons/S_LightError.uasset" 44
"../../../Engine/Content/EditorResources/SequenceRecorder/Countdown.uasset" 45
"../../../Engine/Content/EditorResources/SequenceRecorder/RecordingIndicator.uasset" 46
"../../../Engine/Content/EditorSounds/Notifications/CompileFailed.uasset" 47
"../../../Engine/Content/EditorSounds/Notifications/CompileFailed_Cue.uasset" 48
"../../../Engine/Content/EditorSounds/Notifications/CompileSuccess.uasset" 49
"../../../Engine/Content/EditorSounds/Notifications/CompileStart_Cue.uasset" 50
"../../../Engine/Content/EditorSounds/Notifications/CompileSuccess_Cue.uasset" 51
"../../../Engine/Content/EngineDamageTypes/DmgTypeBP_Environmental.uasset" 52
"../../../Engine/Content/EngineDebugMaterials/DebugEditorMaterial.uasset" 53
"../../../Engine/Content/EngineDebugMaterials/DebugMeshMaterial.uasset" 54
"../../../Engine/Content/EngineDebugMaterials/M_SimpleUnlitTranslucent.uasset" 55
"../../../Engine/Content/Functions/Engine_MaterialFunctions02/Utility/CameraDirectionVector.uasset" 56
"../../../Engine/Content/EngineDebugMaterials/VolumeToRender.uasset" 57
"../../../Engine/Content/EngineDebugMaterials/M_VolumeRenderSphereTracePP.uasset" 58
"../../../Engine/Content/EngineDebugMaterials/WireframeMaterial.uasset" 59
"../../../Engine/Content/EngineFonts/Faces/DroidSansFallback.uasset" 60
"../../../Engine/Content/EngineFonts/Faces/RobotoBold.uasset" 61
"../../../Engine/Content/EngineFonts/Faces/RobotoBoldItalic.uasset" 62
"../../../Engine/Content/EngineFonts/Faces/RobotoItalic.uasset" 63
"../../../Engine/Content/EngineFonts/Faces/RobotoLight.uasset" 64
"../../../Engine/Content/EngineFonts/Faces/RobotoRegular.uasset" 65
"../../../Engine/Content/EngineFonts/Roboto.uasset" 66
"../../../Engine/Content/EngineMaterials/BaseFlattenDiffuseMap.uasset" 67
"../../../Engine/Content/EngineMaterials/BaseFlattenEmissiveMap.uasset" 68
"../../../Engine/Content/EngineMaterials/BaseFlattenGrayscaleMap.uasset" 69
"../../../Engine/Content/EngineMaterials/BaseFlattenNormalMap.uasset" 70
"../../../Engine/Content/EngineMaterials/BaseFlattenMaterial.uasset" 71
"../../../Engine/Content/EngineMaterials/BlueNoise.uasset" 72
"../../../Engine/Content/EngineMaterials/DefaultBloomKernel.uasset" 73
"../../../Engine/Content/EngineMaterials/DefaultBokeh.uasset" 74
"../../../Engine/Content/EngineMaterials/DefaultDiffuse.uasset" 75
"../../../Engine/Content/EngineMaterials/DefaultDeferredDecalMaterial.uasset" 76
"../../../Engine/Content/EngineMaterials/DefaultLightFunctionMaterial.uasset" 77
"../../../Engine/Content/EngineMaterials/DefaultPhysicalMaterial.uasset" 78
"../../../Engine/Content/Functions/Engine_MaterialFunctions02/Utility/BreakOutFloat2Components.uasset" 79
"../../../Engine/Content/EngineMaterials/DefaultPostProcessMaterial.uasset" 80
"../../../Engine/Content/EngineFonts/RobotoDistanceField.uasset" 81
"../../../Engine/Content/EngineMaterials/DefaultTextMaterialOpaque.uasset" 82
"../../../Engine/Content/EngineMaterials/DefaultWhiteGrid.uasset" 83
"../../../Engine/Content/EngineMaterials/DefaultWhiteGrid_Low.uasset" 84
"../../../Engine/Content/EngineMaterials/EmissiveMeshMaterial.uasset" 85
"../../../Engine/Content/EngineMaterials/GizmoMaterial.uasset" 86
"../../../Engine/Content/EngineMaterials/MiniFont.uasset" 87
"../../../Engine/Content/EngineMaterials/InvalidLightmapSettings.uasset" 88
"../../../Engine/Content/EngineMaterials/M_InvalidLightmapSettings.uasset" 89
"../../../Engine/Content/Functions/Engine_MaterialFunctions02/WorldPositionOffset/CameraOffset.uasset" 90
"../../../Engine/Content/EngineMaterials/PhAT_JointLimitMaterial.uasset" 91
"../../../Engine/Content/EngineMaterials/PreintegratedSkinBRDF.uasset" 92
"../../../Engine/Content/EngineMaterials/RemoveSurfaceMaterial.uasset" 93
"../../../Engine/Content/EngineMaterials/WeightMapPlaceholderTexture.uasset" 94
"../../../Engine/Content/EngineResources/WhiteSquareTexture.uasset" 95
"../../../Engine/Content/EngineMaterials/Widget3DPassThrough.uasset" 96
"../../../Engine/Content/EngineMaterials/Widget3DPassThrough_Masked.uasset" 97
"../../../Engine/Content/EngineMaterials/Widget3DPassThrough_Opaque.uasset" 98
"../../../Engine/Content/EngineMaterials/Widget3DPassThrough_Masked_OneSided.uasset" 99
"../../../Engine/Content/EngineMaterials/Widget3DPassThrough_Opaque_OneSided.uasset" 100
"../../../Engine/Content/EngineMaterials/Widget3DPassThrough_Translucent.uasset" 101
"../../../Engine/Content/EngineMaterials/Widget3DPassThrough_Translucent_OneSided.uasset" 102
"../../../Engine/Content/EngineMeshes/Cylinder.uasset" 103
"../../../Engine/Content/EngineMeshes/Sphere.uasset" 104
"../../../Engine/Content/EngineResources/Black.uasset" 105
"../../../Engine/Content/EngineResources/DefaultTexture.uasset" 106
"../../../Engine/Content/EngineResources/DefaultTextureCube.uasset" 107
"../../../Engine/Content/EngineResources/DefaultVolumeTexture2D.uasset" 108
"../../../Engine/Content/EngineResources/DefaultVolumeTexture.uasset" 109
"../../../Engine/Content/EngineResources/GradientTexture0.uasset" 110
"../../../Engine/Content/EngineSounds/Master.uasset" 111
"../../../Engine/Content/Functions/Engine_MaterialFunctions01/Shading/ConvertFromDiffSpec.uasset" 112
"../../../Engine/Content/Functions/Engine_MaterialFunctions01/Shading/PowerToRoughness.uasset" 113
"../../../Engine/Content/Maps/Templates/Thumbnails/Default.uasset" 114
"../../../Engine/Content/Maps/Templates/Thumbnails/TimeOfDay.uasset" 115
"../../../Engine/Content/Maps/Templates/Thumbnails/VR-Basic.uasset" 116
"../../../Engine/Content/MobileResources/T_MobileControls_texture.uasset" 117
"../../../Engine/Content/MobileResources/T_MobileMenu2.uasset" 118
"../../../Engine/Content/MobileResources/HUD/AnalogHat.uasset" 119
"../../../Engine/Content/MobileResources/HUD/VirtualJoystick_Background.uasset" 120
"../../../Engine/Content/MobileResources/HUD/VirtualJoystick_Thumb.uasset" 121
"../../../Engine/Content/MobileResources/HUD/DefaultVirtualJoysticks.uasset" 122
"../../../Engine/Content/MobileResources/HUD/LeftVirtualJoystickOnly.uasset" 123
"../../../Engine/Content/MobileResources/HUD/MobileHUDButton1_off.uasset" 124
"../../../Engine/Content/MobileResources/HUD/MobileHUDButton1_on.uasset" 125
"../../../Engine/Content/MobileResources/HUD/MobileHUDButton2_off.uasset" 126
"../../../Engine/Content/MobileResources/HUD/MobileHUDButton2_on.uasset" 127
"../../../Engine/Content/MobileResources/HUD/MobileHUDButton3.uasset" 128
"../../../Engine/Content/MobileResources/HUD/MobileHUDButtonFire.uasset" 129
"../../../Engine/Content/MobileResources/HUD/MobileHUDDirectionPad.uasset" 130
"../../../Engine/Content/MobileResources/HUD/MobileHUDDirectionPad2.uasset" 131
"../../../Engine/Content/MobileResources/HUD/MobileHUDDirectionPad3.uasset" 132
"../../../Engine/Content/MobileResources/HUD/MobileHUDDirectionStick.uasset" 133
"../../../Engine/Content/MobileResources/HUD/T_Castle_ThumbstickInner.uasset" 134
"../../../Engine/Content/MobileResources/HUD/T_Castle_ThumbstickOutter.uasset" 135
"../../../Engine/Content/Tutorial/ContentIntroCurve.uasset" 136
"../../../Engine/Content/Tutorial/Basics/LevelEditorAttract.uasset" 137
"../../../Engine/Content/VREditor/LaserPointer/VR_LaserPower_01.uasset" 138
"../../../Engine/Content/VREditor/TransformGizmo/TransformGizmoMaterial.uasset" 139
"../../../Engine/Content/VREditor/TransformGizmo/TranslucentTransformGizmoMaterial.uasset" 140
"../../../Engine/Content/VREditor/TransformGizmo/BoundingBoxCorner.uasset" 141
"../../../Engine/Content/VREditor/TransformGizmo/BoundingBoxEdge.uasset" 142
"../../../Engine/Content/VREditor/TransformGizmo/PlaneTranslationHandle.uasset" 143
"../../../Engine/Content/VREditor/TransformGizmo/Main.uasset" 144
"../../../Engine/Content/VREditor/TransformGizmo/Xray.uasset" 145
"../../../Engine/Content/VREditor/TransformGizmo/SM_Sequencer_Key.uasset" 146
"../../../Engine/Content/VREditor/TransformGizmo/SM_Sequencer_Node.uasset" 147
"../../Plugins/2D/Paper2D/Content/PlaceholderTextures/DummySpriteTexture.uasset" 148
"../../Plugins/2D/Paper2D/Content/DummySprite.uasset" 149
"../../Plugins/2D/Paper2D/Content/DefaultPaperTerrainMaterial.uasset" 150
"../../Plugins/2D/Paper2D/Content/DefaultSpriteMaterial.uasset" 151
"../../Plugins/2D/Paper2D/Content/MaskedUnlitSpriteMaterial.uasset" 152
"../../Plugins/2D/Paper2D/Content/OpaqueUnlitSpriteMaterial.uasset" 153
"../../Plugins/FX/Niagara/Content/Enums/ENiagaraBooleanLogicOps.uasset" 154
"../../Plugins/FX/Niagara/Content/Enums/ENiagaraCoordinateSpace.uasset" 155
"../../Plugins/FX/Niagara/Content/Enums/ENiagaraExpansionMode.uasset" 156
"../../Plugins/FX/Niagara/Content/Enums/ENiagaraOrientationAxis.uasset" 157
"../../Plugins/FX/Niagara/Content/Enums/ENiagaraRandomnessMode.uasset" 158
"../../../Engine/Content/Functions/Engine_MaterialFunctions01/AlphaBlend/WorldAlignedBlend.uasset" 159
"../../../Engine/Content/Functions/Engine_MaterialFunctions01/Gradient/LinearGradient.uasset" 160
"../../../Engine/Content/Functions/Engine_MaterialFunctions01/ImageAdjustment/CheapContrast.uasset" 161
"../../../Engine/Content/Functions/Engine_MaterialFunctions02/Utility/VectorLength.uasset" 162
"../../../Engine/Content/Functions/Engine_MaterialFunctions02/WorldPositionOffset/ObjectScale.uasset" 163
"../../../Engine/Content/Functions/Engine_MaterialFunctions03/ComplexMotion/Motion_4WayChaos.uasset" 164
"../../Plugins/Marketplace/UIWS/Content/MPC_UIWSWaterBodies.uasset" 165
"../../Plugins/Marketplace/UIWS/Content/Materials/Simulation/SimMatFuncs/MF_UIWSMask_InteractiveRangeClamp.uasset" 166
"../../../Engine/Content/EngineMaterials/FlatNormal.uasset" 167
"../../Plugins/Marketplace/UIWS/Content/Materials/Simulation/UIWSHeightBlank.uasset" 168
"../../Plugins/Marketplace/UIWS/Content/Materials/Simulation/UIWSNormalBLank.uasset" 169
"../../Plugins/Marketplace/UIWS/Content/Materials/MF_UIWS.uasset" 170
"../../Plugins/Marketplace/UIWS/Content/Textures/MarketplaceFreeWaterPack/extratextures/T_Noise_Curves.uasset" 171
"../../Plugins/Marketplace/UIWS/Content/Textures/MarketplaceFreeWaterPack/extratextures/T_Noise_Stormy.uasset" 172
"../../Plugins/Marketplace/UIWS/Content/Textures/MarketplaceFreeWaterPack/extratextures/T_Water_Normal_Subtle.uasset" 173
"../../Plugins/Marketplace/UIWS/Content/Textures/MarketplaceFreeWaterPack/extratextures/T_Waterfall_Foam.uasset" 174
"../../Plugins/Marketplace/UIWS/Content/Textures/MarketplaceFreeWaterPack/extratextures/T_Waterfall_Foam_edgealpha.uasset" 175
"../../Plugins/Marketplace/UIWS/Content/Materials/FlowingRiverMat.uasset" 176
"../../Plugins/Marketplace/UIWS/Content/Materials/FlowingRiverMat_Inst.uasset" 177
"../../Plugins/Marketplace/UIWS/Content/Materials/FlowingRiverMat_Inst_Opaque.uasset" 178
"../../Plugins/Marketplace/UIWS/Content/Materials/Capture/PP_UIWSDepthCheck.uasset" 179
"../../../Engine/Content/MaterialTemplates/Textures/T_Noise01.uasset" 180
"../../Plugins/Marketplace/UIWS/Content/Textures/T_MediumWaves_H.uasset" 181
"../../Plugins/Marketplace/UIWS/Content/Textures/T_MediumWavesSoft_N.uasset" 182
"../../Plugins/Marketplace/UIWS/Content/Materials/MaterialFunctions/MF_UIWSLakeRipples.uasset" 183
"../../Plugins/Marketplace/UIWS/Content/Materials/Simulation/SimMatFuncs/MF_UIWSMask_CausticBodyCkamp.uasset" 184
"../../Plugins/Marketplace/UIWS/Content/Materials/Simulation/2ndInfectedMapLinear.uasset" 185
"../../Plugins/Marketplace/UIWS/Content/Materials/Simulation/PP_UnderWater.uasset" 186
"../../Plugins/Marketplace/UIWS/Content/Materials/Simulation/PP_UnderWater_Instinstn.uasset" 187
"../../Plugins/Marketplace/UIWS/Content/Materials/Simulation/UIWSComputeNormal.uasset" 188
"../../Plugins/Marketplace/UIWS/Content/Materials/Simulation/T_Black_Linear.uasset" 189
"../../Plugins/Marketplace/UIWS/Content/Materials/Simulation/UIWSForceSplat.uasset" 190
"../../Plugins/Marketplace/UIWS/Content/Materials/Simulation/UIWSHeight0.uasset" 191
"../../Plugins/Marketplace/UIWS/Content/Materials/Simulation/UIWSHeight1.uasset" 192
"../../Plugins/Marketplace/UIWS/Content/Materials/Simulation/UIWSHeight2.uasset" 193
"../../Plugins/Marketplace/UIWS/Content/Materials/Simulation/UIWSHeightfieldNormal.uasset" 194
"../../Plugins/Marketplace/UIWS/Content/Materials/Simulation/UIWSHeightSim.uasset" 195
"../../Plugins/Marketplace/UIWS/Content/Materials/Simulation/circlegradient.uasset" 196
"../../Plugins/Marketplace/UIWS/Content/Textures/T_noise_flamy_Tile.uasset" 197
"../../Plugins/Marketplace/UIWS/Content/Materials/Simulation/UIWSManualSplat.uasset" 198
"../../Plugins/Marketplace/UIWS/Content/Materials/MaterialFunctions/MF_WaterDepthColorization.uasset" 199
"../../Plugins/Marketplace/UIWS/Content/Materials/MF_DefaultLake.uasset" 200
"../../Plugins/Marketplace/UIWS/Content/Materials/Simulation/UIWSWaterMaterial.uasset" 201
"../../Plugins/Marketplace/UIWS/Content/Materials/Simulation/UIWSWaterMaterialInst_LOD1.uasset" 202
"../../Plugins/Marketplace/UIWS/Content/Materials/Simulation/UIWSWaterMaterial_Inst.uasset" 203
"../../Plugins/Marketplace/UIWS/Content/Materials/Simulation/Meshes/UIWSMesh16x16fbx.uasset" 204
"../../Plugins/Marketplace/UIWS/Content/Materials/Simulation/Meshes/UIWSRiverMesh.uasset" 205
"../../Plugins/Marketplace/UIWS/Content/Textures/T_MediumWaves_N.uasset" 206
"../../Plugins/Marketplace/UIWS/Content/ParticleEffects/DefaultSplashMat.uasset" 207
"../../Plugins/Marketplace/UIWS/Content/ParticleEffects/DefaultSplash.uasset" 208
"../../../Engine/Content/Functions/Engine_MaterialFunctions02/Texturing/ScreenAlignedPixelToPixelUVs.uasset" 209
"../../../Engine/Content/EngineMaterials/Good64x64TilingNoiseHighFreq.uasset" 210
"../../../Engine/Content/Functions/Engine_MaterialFunctions02/Utility/DitherTemporalAA.uasset" 211
"../../Plugins/Marketplace/UIWS/Content/ParticleEffects/DefaultSplashMat1.uasset" 212
"../../Plugins/Marketplace/UIWS/Content/ParticleEffects/Meshes/Water/SM_SplashMesh_02.uasset" 213
"../../Plugins/Marketplace/UIWS/Content/ParticleEffects/P_MeshSplash.uasset" 214
"../../Plugins/Marketplace/UIWS/Content/ParticleEffects/P_MeshSplashHit.uasset" 215
"../../../Engine/Content/Functions/Engine_MaterialFunctions02/Utility/BreakOutFloat4Components.uasset" 216
"../../../Engine/Content/Functions/Engine_MaterialFunctions02/Utility/MakeFloat2.uasset" 217
"../../../Engine/Content/Functions/Engine_MaterialFunctions02/Utility/MakeFloat3.uasset" 218
"../../Plugins/Runtime/Oculus/OculusVR/Content/Materials/OculusMR_ChromaKey.uasset" 219
"../../Plugins/Runtime/Oculus/OculusVR/Content/Materials/OculusMR_ChromaKey_Lit.uasset" 220
"../../Plugins/Runtime/Oculus/OculusVR/Content/Materials/OculusMR_OpaqueColoredMaterial.uasset" 221
"../../Plugins/Runtime/Oculus/OculusVR/Content/Materials/OculusMR_WhiteMaterial.uasset" 222
"../../../Engine/Content/EditorBlueprintResources/StandardMacros.uasset" 223
"C:/Users/Lewis.DESKTOP-ANSSNKQ/Documents/AstralScape/Astral Scape/Content/UltimateTouchComponents/Core/UTCComponent.uasset" 224
"C:/Users/Lewis.DESKTOP-ANSSNKQ/Documents/AstralScape/Astral Scape/Content/UltimateTouchComponents/Core/UTCMacroLibrary.uasset" 225
"C:/Users/Lewis.DESKTOP-ANSSNKQ/Documents/AstralScape/Astral Scape/Content/Blueprints/GameControllers/ColouringInstance.uasset" 226
"C:/Users/Lewis.DESKTOP-ANSSNKQ/Documents/AstralScape/Astral Scape/Content/Blueprints/GameControllers/ColourInteration.uasset" 227
"C:/Users/Lewis.DESKTOP-ANSSNKQ/Documents/AstralScape/Astral Scape/Content/UltimateTouchComponents/Core/IUTCWidget.uasset" 228
"C:/Users/Lewis.DESKTOP-ANSSNKQ/Documents/AstralScape/Astral Scape/Content/UltimateTouchComponents/Core/UTCDebugWidget.uasset" 229
"C:/Users/Lewis.DESKTOP-ANSSNKQ/Documents/AstralScape/Astral Scape/Content/UltimateTouchComponents/Core/EUTCJoystickAxes.uasset" 230
"C:/Users/Lewis.DESKTOP-ANSSNKQ/Documents/AstralScape/Astral Scape/Content/UltimateTouchComponents/Core/UTCJoystickDebugWidget.uasset" 231
"C:/Users/Lewis.DESKTOP-ANSSNKQ/Documents/AstralScape/Astral Scape/Content/UltimateTouchComponents/Core/UTCJoystickComponent.uasset" 232
"C:/Users/Lewis.DESKTOP-ANSSNKQ/Documents/AstralScape/Astral Scape/Content/UltimateTouchComponents/Core/UTCPinchDebugWidget.uasset" 233
"C:/Users/Lewis.DESKTOP-ANSSNKQ/Documents/AstralScape/Astral Scape/Content/UltimateTouchComponents/Core/UTCPinchComponent.uasset" 234
"../../../Engine/Content/EngineFonts/Faces/RobotoTiny.uasset" 235
"../../../Engine/Content/EngineFonts/RobotoTiny.uasset" 236
"C:/Users/Lewis.DESKTOP-ANSSNKQ/Documents/AstralScape/Astral Scape/Content/UltimateTouchComponents/Core/UTCTapDebugWidget.uasset" 237
"C:/Users/Lewis.DESKTOP-ANSSNKQ/Documents/AstralScape/Astral Scape/Content/UltimateTouchComponents/Core/UTCTapComponent.uasset" 238
"../../../Engine/Content/Functions/Engine_MaterialFunctions01/Density/ExponentialDensity.uasset" 239
"../../../Engine/Content/Functions/Engine_MaterialFunctions01/Gradient/RadialGradientExponential.uasset" 240
"C:/Users/Lewis.DESKTOP-ANSSNKQ/Documents/AstralScape/Astral Scape/Content/Materials/Particle/ClickColour.uasset" 241
"C:/Users/Lewis.DESKTOP-ANSSNKQ/Documents/AstralScape/Astral Scape/Content/ParticleEffects/ColourTEst.uasset" 242
"C:/Users/Lewis.DESKTOP-ANSSNKQ/Documents/AstralScape/Astral Scape/Content/UI/CameraMovementBounds.uasset" 243
"C:/Users/Lewis.DESKTOP-ANSSNKQ/Documents/AstralScape/Astral Scape/Content/Sprites/Joystick/Joystick.uasset" 244
"C:/Users/Lewis.DESKTOP-ANSSNKQ/Documents/AstralScape/Astral Scape/Content/Sprites/Joystick/JoyStick-BG.uasset" 245
"C:/Users/Lewis.DESKTOP-ANSSNKQ/Documents/AstralScape/Astral Scape/Content/UltimateTouchComponents/Showcase/Blueprints/Widgets/AnimatedWidgets/JoystickWidgetAnimated.uasset" 246
"C:/Users/Lewis.DESKTOP-ANSSNKQ/Documents/AstralScape/Astral Scape/Content/Blueprints/GameControllers/PlayerCameraControl.uasset" 247
"../../../Engine/Content/EngineSky/C_Sky_Cloud_Color.uasset" 248
"../../../Engine/Content/EngineSky/C_Sky_Horizon_Color.uasset" 249
"../../../Engine/Content/EngineSky/C_Sky_Zenith_Color.uasset" 250
"../../../Engine/Content/EngineSky/T_Sky_Blue.uasset" 251
"../../../Engine/Content/EngineSky/T_Sky_Clouds_M.uasset" 252
"../../../Engine/Content/EngineSky/T_Sky_Stars.uasset" 253
"../../../Engine/Content/EngineSky/M_Sky_Panning_Clouds2.uasset" 254
"../../../Engine/Content/EngineSky/SM_SkySphere.uasset" 255
"../../../Engine/Content/EngineSky/BP_Sky_Sphere.uasset" 256
"C:/Users/Lewis.DESKTOP-ANSSNKQ/Documents/AstralScape/Astral Scape/Content/Materials/Material.uasset" 257
"C:/Users/Lewis.DESKTOP-ANSSNKQ/Documents/AstralScape/Astral Scape/Content/Meshes/Sam_Models/Island.uasset" 258
"C:/Users/Lewis.DESKTOP-ANSSNKQ/Documents/AstralScape/Astral Scape/Content/Blueprints/Blueprint_Meshes/Greek/Island/Island.uasset" 259
"C:/Users/Lewis.DESKTOP-ANSSNKQ/Documents/AstralScape/Astral Scape/Content/Levels/Levels/Greek_BuiltData.uasset" 260
"C:/Users/Lewis.DESKTOP-ANSSNKQ/Documents/AstralScape/Astral Scape/Content/Levels/Levels/Greek.umap" 261
"C:/Users/Lewis.DESKTOP-ANSSNKQ/Documents/AstralScape/Astral Scape/Content/Meshes/Japanese_blossom_Assets/Finished_Models/Island_01.uasset" 262
"C:/Users/Lewis.DESKTOP-ANSSNKQ/Documents/AstralScape/Astral Scape/Content/Blueprints/Blueprint_Meshes/Japanese_Assets/Islands/Island_01.uasset" 263
"C:/Users/Lewis.DESKTOP-ANSSNKQ/Documents/AstralScape/Astral Scape/Content/Levels/Levels/JapaneseBlossom_BuiltData.uasset" 264
"C:/Users/Lewis.DESKTOP-ANSSNKQ/Documents/AstralScape/Astral Scape/Content/Levels/Levels/JapaneseBlossom.umap" 265
"C:/Users/Lewis.DESKTOP-ANSSNKQ/Documents/AstralScape/Astral Scape/Content/Meshes/Island1/Islands/Island_Four.uasset" 266
"C:/Users/Lewis.DESKTOP-ANSSNKQ/Documents/AstralScape/Astral Scape/Content/Blueprints/Blueprint_Meshes/First_Island_Assets/Island/Island4.uasset" 267
"C:/Users/Lewis.DESKTOP-ANSSNKQ/Documents/AstralScape/Astral Scape/Content/Meshes/Island1/Props/birdbath_updated.uasset" 268
"C:/Users/Lewis.DESKTOP-ANSSNKQ/Documents/AstralScape/Astral Scape/Content/Blueprints/Blueprint_Meshes/First_Island_Assets/Props/BirdBath.uasset" 269
"C:/Users/Lewis.DESKTOP-ANSSNKQ/Documents/AstralScape/Astral Scape/Content/Meshes/Island1/Props/BirdFeeder.uasset" 270
"C:/Users/Lewis.DESKTOP-ANSSNKQ/Documents/AstralScape/Astral Scape/Content/Blueprints/Blueprint_Meshes/First_Island_Assets/Props/BirdFeeder.uasset" 271
"C:/Users/Lewis.DESKTOP-ANSSNKQ/Documents/AstralScape/Astral Scape/Content/Meshes/Island1/Props/Chair.uasset" 272
"C:/Users/Lewis.DESKTOP-ANSSNKQ/Documents/AstralScape/Astral Scape/Content/Blueprints/Blueprint_Meshes/First_Island_Assets/Props/Bonsai.uasset" 273
"C:/Users/Lewis.DESKTOP-ANSSNKQ/Documents/AstralScape/Astral Scape/Content/Meshes/Island1/Props/FlowerOne.uasset" 274
"C:/Users/Lewis.DESKTOP-ANSSNKQ/Documents/AstralScape/Astral Scape/Content/Blueprints/Blueprint_Meshes/First_Island_Assets/Props/Flower1.uasset" 275
"C:/Users/Lewis.DESKTOP-ANSSNKQ/Documents/AstralScape/Astral Scape/Content/Meshes/Island1/Props/FlowerThree.uasset" 276
"C:/Users/Lewis.DESKTOP-ANSSNKQ/Documents/AstralScape/Astral Scape/Content/Blueprints/Blueprint_Meshes/First_Island_Assets/Props/Flower2.uasset" 277
"C:/Users/Lewis.DESKTOP-ANSSNKQ/Documents/AstralScape/Astral Scape/Content/Meshes/Island1/Props/Fountain.uasset" 278
"C:/Users/Lewis.DESKTOP-ANSSNKQ/Documents/AstralScape/Astral Scape/Content/Blueprints/Blueprint_Meshes/First_Island_Assets/Props/Fountain.uasset" 279
"C:/Users/Lewis.DESKTOP-ANSSNKQ/Documents/AstralScape/Astral Scape/Content/Meshes/Island1/Props/Gazebo.uasset" 280
"C:/Users/Lewis.DESKTOP-ANSSNKQ/Documents/AstralScape/Astral Scape/Content/Blueprints/Blueprint_Meshes/First_Island_Assets/Props/Gazebo.uasset" 281
"C:/Users/Lewis.DESKTOP-ANSSNKQ/Documents/AstralScape/Astral Scape/Content/Meshes/Island1/Props/garden_table.uasset" 282
"C:/Users/Lewis.DESKTOP-ANSSNKQ/Documents/AstralScape/Astral Scape/Content/Blueprints/Blueprint_Meshes/First_Island_Assets/Props/Table.uasset" 283
"C:/Users/Lewis.DESKTOP-ANSSNKQ/Documents/AstralScape/Astral Scape/Content/Meshes/Island1/Props/tree1.uasset" 284
"C:/Users/Lewis.DESKTOP-ANSSNKQ/Documents/AstralScape/Astral Scape/Content/Blueprints/Blueprint_Meshes/First_Island_Assets/Props/Tree1.uasset" 285
"C:/Users/Lewis.DESKTOP-ANSSNKQ/Documents/AstralScape/Astral Scape/Content/Meshes/Island1/Props/tree2.uasset" 286
"C:/Users/Lewis.DESKTOP-ANSSNKQ/Documents/AstralScape/Astral Scape/Content/Blueprints/Blueprint_Meshes/First_Island_Assets/Props/Tree2.uasset" 287
"C:/Users/Lewis.DESKTOP-ANSSNKQ/Documents/AstralScape/Astral Scape/Content/Meshes/Island1/Props/TreeStump01.uasset" 288
"C:/Users/Lewis.DESKTOP-ANSSNKQ/Documents/AstralScape/Astral Scape/Content/Blueprints/Blueprint_Meshes/First_Island_Assets/Props/TreeStump.uasset" 289
"C:/Users/Lewis.DESKTOP-ANSSNKQ/Documents/AstralScape/Astral Scape/Content/Meshes/Island1/Props/windmill_done_polySurface14.uasset" 290
"C:/Users/Lewis.DESKTOP-ANSSNKQ/Documents/AstralScape/Astral Scape/Content/Blueprints/Blueprint_Meshes/First_Island_Assets/Props/Windmill.uasset" 291
"C:/Users/Lewis.DESKTOP-ANSSNKQ/Documents/AstralScape/Astral Scape/Content/Meshes/Island1/Props/windmill_done_polySurface9.uasset" 292
"C:/Users/Lewis.DESKTOP-ANSSNKQ/Documents/AstralScape/Astral Scape/Content/Blueprints/Blueprint_Meshes/First_Island_Assets/Props/WindmillBlades.uasset" 293
"C:/Users/Lewis.DESKTOP-ANSSNKQ/Documents/AstralScape/Astral Scape/Content/Levels/Levels/Level1_BuiltData.uasset" 294
"C:/Users/Lewis.DESKTOP-ANSSNKQ/Documents/AstralScape/Astral Scape/Content/Levels/Levels/Level1.umap" 295
"C:/Users/Lewis.DESKTOP-ANSSNKQ/Documents/AstralScape/Astral Scape/Content/Meshes/Medieval/Island.uasset" 296
"C:/Users/Lewis.DESKTOP-ANSSNKQ/Documents/AstralScape/Astral Scape/Content/Blueprints/Blueprint_Meshes/Medieval/Island/Medieval_Island.uasset" 297
"C:/Users/Lewis.DESKTOP-ANSSNKQ/Documents/AstralScape/Astral Scape/Content/Meshes/Medieval/Castle.uasset" 298
"C:/Users/Lewis.DESKTOP-ANSSNKQ/Documents/AstralScape/Astral Scape/Content/Blueprints/Blueprint_Meshes/Medieval/Props/Castle.uasset" 299
"C:/Users/Lewis.DESKTOP-ANSSNKQ/Documents/AstralScape/Astral Scape/Content/Meshes/Medieval/Church.uasset" 300
"C:/Users/Lewis.DESKTOP-ANSSNKQ/Documents/AstralScape/Astral Scape/Content/Blueprints/Blueprint_Meshes/Medieval/Props/Church.uasset" 301
"C:/Users/Lewis.DESKTOP-ANSSNKQ/Documents/AstralScape/Astral Scape/Content/Levels/Levels/Medieval_BuiltData.uasset" 302
"C:/Users/Lewis.DESKTOP-ANSSNKQ/Documents/AstralScape/Astral Scape/Content/Levels/Levels/Medieval.umap" 303
"C:/Users/Lewis.DESKTOP-ANSSNKQ/Documents/AstralScape/Astral Scape/Content/Meshes/Tiki/Island2.uasset" 304
"C:/Users/Lewis.DESKTOP-ANSSNKQ/Documents/AstralScape/Astral Scape/Content/Blueprints/Blueprint_Meshes/Tiki/Island/Island2.uasset" 305
"C:/Users/Lewis.DESKTOP-ANSSNKQ/Documents/AstralScape/Astral Scape/Content/Levels/Levels/Tiki_BuiltData.uasset" 306
"C:/Users/Lewis.DESKTOP-ANSSNKQ/Documents/AstralScape/Astral Scape/Content/Levels/Levels/Tiki.umap" 307
"C:/Users/Lewis.DESKTOP-ANSSNKQ/Documents/AstralScape/Astral Scape/Content/Blueprints/GameControllers/ColouringController.uasset" 308
"C:/Users/Lewis.DESKTOP-ANSSNKQ/Documents/AstralScape/Astral Scape/Content/Sprites/Colour_Button/Flower-Pressed.uasset" 309
"C:/Users/Lewis.DESKTOP-ANSSNKQ/Documents/AstralScape/Astral Scape/Content/UI/ColourPallette.uasset" 310
"C:/Users/Lewis.DESKTOP-ANSSNKQ/Documents/AstralScape/Astral Scape/Content/Blueprints/GameControllers/ColouringGameMode.uasset" 311
"C:/Users/Lewis.DESKTOP-ANSSNKQ/Documents/AstralScape/Astral Scape/Content/Sprites/Colour_Button/Star.uasset" 312
"C:/Users/Lewis.DESKTOP-ANSSNKQ/Documents/AstralScape/Astral Scape/Content/Sprites/Colour_Button/Star-Pressed.uasset" 313
"C:/Users/Lewis.DESKTOP-ANSSNKQ/Documents/AstralScape/Astral Scape/Content/Sprites/Splash_Screen/Night1-2.uasset" 314
"C:/Users/Lewis.DESKTOP-ANSSNKQ/Documents/AstralScape/Astral Scape/Content/Sprites/Splash_Screen/Night2.uasset" 315
"C:/Users/Lewis.DESKTOP-ANSSNKQ/Documents/AstralScape/Astral Scape/Content/Sounds/Master.uasset" 316
"C:/Users/Lewis.DESKTOP-ANSSNKQ/Documents/AstralScape/Astral Scape/Content/Sounds/MasterSoundMix.uasset" 317
"C:/Users/Lewis.DESKTOP-ANSSNKQ/Documents/AstralScape/Astral Scape/Content/UI/Menu_UI/Settings.uasset" 318
"C:/Users/Lewis.DESKTOP-ANSSNKQ/Documents/AstralScape/Astral Scape/Content/UI/Menu_UI/Menu.uasset" 319
"C:/Users/Lewis.DESKTOP-ANSSNKQ/Documents/AstralScape/Astral Scape/Content/UI/Menu_UI/LevelSelector.uasset" 320
"C:/Users/Lewis.DESKTOP-ANSSNKQ/Documents/AstralScape/Astral Scape/Content/Blueprints/GameControllers/MainMenuGameMode.uasset" 321
"C:/Users/Lewis.DESKTOP-ANSSNKQ/Documents/AstralScape/Astral Scape/Content/Levels/Menu/Menu_BuiltData.uasset" 322
"C:/Users/Lewis.DESKTOP-ANSSNKQ/Documents/AstralScape/Astral Scape/Content/Sounds/Casual_Theme__5__Looped_.uasset" 323
"C:/Users/Lewis.DESKTOP-ANSSNKQ/Documents/AstralScape/Astral Scape/Content/Levels/Menu/Menu.umap" 324
"../../../Engine/Content/Maps/Entry_BuiltData.uasset" 325
"../../../Engine/Content/Maps/Entry.umap" 326
